TN:
SF:src/app.ts
FN:11,App
FN:17,setupMiddlewares
FN:23,setupRoutes
FN:29,setupErrors
FN:34,listen
FN:38,getApp
FNF:6
FNH:5
FNDA:1,App
FNDA:1,setupMiddlewares
FNDA:1,setupRoutes
FNDA:1,setupErrors
FNDA:0,listen
FNDA:10,getApp
DA:1,1
DA:2,1
DA:3,1
DA:4,1
DA:5,1
DA:6,1
DA:7,1
DA:8,1
DA:9,1
DA:10,1
DA:11,1
DA:12,1
DA:13,1
DA:14,1
DA:15,1
DA:16,1
DA:17,1
DA:18,1
DA:19,1
DA:20,1
DA:21,1
DA:22,1
DA:23,1
DA:24,1
DA:25,1
DA:26,1
DA:27,1
DA:28,1
DA:29,1
DA:30,1
DA:31,1
DA:32,1
DA:33,1
DA:34,1
DA:35,0
DA:36,0
DA:37,1
DA:38,1
DA:39,10
DA:40,10
DA:41,1
DA:42,1
DA:43,1
LF:43
LH:41
BRDA:11,0,0,1
BRDA:17,1,0,1
BRDA:23,2,0,1
BRDA:29,3,0,1
BRDA:38,4,0,10
BRF:5
BRH:5
end_of_record
TN:
SF:src/api/controllers/CustomerController.ts
FN:6,getCustomerMeasures
FNF:1
FNH:0
FNDA:0,getCustomerMeasures
DA:1,1
DA:2,1
DA:3,1
DA:4,1
DA:5,1
DA:6,1
DA:7,0
DA:8,0
DA:9,0
DA:10,0
DA:11,0
DA:12,0
DA:13,0
DA:14,0
DA:15,0
DA:16,1
DA:17,1
DA:18,1
LF:18
LH:9
BRF:0
BRH:0
end_of_record
TN:
SF:src/api/controllers/MeasureController.ts
FN:5,uploadMeasure
FN:14,confirmMeasure
FNF:2
FNH:2
FNDA:7,uploadMeasure
FNDA:3,confirmMeasure
DA:1,1
DA:2,1
DA:3,1
DA:4,1
DA:5,1
DA:6,7
DA:7,7
DA:8,1
DA:9,7
DA:10,6
DA:11,6
DA:12,7
DA:13,1
DA:14,1
DA:15,3
DA:16,3
DA:17,1
DA:18,3
DA:19,2
DA:20,2
DA:21,3
DA:22,1
DA:23,1
DA:24,1
LF:24
LH:24
BRDA:5,0,0,7
BRDA:8,1,0,1
BRDA:9,2,0,6
BRDA:14,3,0,3
BRDA:17,4,0,1
BRDA:18,5,0,2
BRF:6
BRH:6
end_of_record
TN:
SF:src/api/errors/errorCodes.ts
FNF:0
FNH:0
DA:1,1
DA:2,1
DA:3,1
DA:4,1
DA:5,1
DA:6,1
DA:7,1
DA:8,1
DA:9,1
DA:10,1
DA:11,1
LF:11
LH:11
BRF:0
BRH:0
end_of_record
TN:
SF:src/api/errors/errorDescriptions.ts
FNF:0
FNH:0
DA:1,1
DA:2,1
DA:3,1
DA:4,1
DA:5,1
DA:6,1
DA:7,1
DA:8,1
DA:9,1
DA:10,1
DA:11,1
DA:12,1
DA:13,1
DA:14,1
DA:15,1
LF:15
LH:15
BRF:0
BRH:0
end_of_record
TN:
SF:src/api/exceptions/ApiError.ts
FN:6,ApiError
FNF:1
FNH:1
FNDA:8,ApiError
DA:1,1
DA:2,1
DA:3,1
DA:4,1
DA:5,1
DA:6,1
DA:7,8
DA:8,8
DA:9,8
DA:10,8
DA:11,8
DA:12,1
DA:13,1
DA:14,1
LF:14
LH:14
BRDA:6,0,0,8
BRF:1
BRH:1
end_of_record
TN:
SF:src/api/exceptions/ConfirmationDuplicatedException.ts
FN:5,ConfirmationDuplicatedException
FNF:1
FNH:1
FNDA:1,ConfirmationDuplicatedException
DA:1,1
DA:2,1
DA:3,1
DA:4,1
DA:5,1
DA:6,1
DA:7,1
DA:8,1
DA:9,1
DA:10,1
LF:10
LH:10
BRDA:5,0,0,1
BRF:1
BRH:1
end_of_record
TN:
SF:src/api/exceptions/DoubleReportException.ts
FN:5,DoubleReportException
FNF:1
FNH:1
FNDA:1,DoubleReportException
DA:1,1
DA:2,1
DA:3,1
DA:4,1
DA:5,1
DA:6,1
DA:7,1
DA:8,1
DA:9,1
DA:10,1
LF:10
LH:10
BRDA:5,0,0,1
BRF:1
BRH:1
end_of_record
TN:
SF:src/api/exceptions/InvalidDataException.ts
FN:5,InvalidDataException
FNF:1
FNH:1
FNDA:4,InvalidDataException
DA:1,1
DA:2,1
DA:3,1
DA:4,1
DA:5,1
DA:6,4
DA:7,4
DA:8,1
DA:9,1
DA:10,1
LF:10
LH:10
BRDA:5,0,0,4
BRF:1
BRH:1
end_of_record
TN:
SF:src/api/exceptions/InvalidTypeExpection.ts
FN:5,InvalidTypeException
FNF:1
FNH:1
FNDA:1,InvalidTypeException
DA:1,1
DA:2,1
DA:3,1
DA:4,1
DA:5,1
DA:6,1
DA:7,1
DA:8,1
DA:9,1
DA:10,1
LF:10
LH:10
BRDA:5,0,0,1
BRF:1
BRH:1
end_of_record
TN:
SF:src/api/exceptions/MeasureNotFoundException.ts
FN:5,MeasureNotFoundException
FNF:1
FNH:1
FNDA:1,MeasureNotFoundException
DA:1,1
DA:2,1
DA:3,1
DA:4,1
DA:5,1
DA:6,1
DA:7,1
DA:8,1
DA:9,1
DA:10,1
LF:10
LH:10
BRDA:5,0,0,1
BRF:1
BRH:1
end_of_record
TN:
SF:src/api/exceptions/MeasuresNotFound.ts
FN:6,MeasuresNotFoundException
FNF:1
FNH:0
FNDA:0,MeasuresNotFoundException
DA:1,1
DA:2,1
DA:3,1
DA:4,1
DA:5,1
DA:6,1
DA:7,0
DA:8,0
DA:9,1
DA:10,1
DA:11,1
LF:11
LH:9
BRF:0
BRH:0
end_of_record
TN:
SF:src/api/routes/customerRoutes.ts
FNF:0
FNH:0
DA:1,1
DA:2,1
DA:3,1
DA:4,1
DA:5,1
DA:6,1
DA:7,1
DA:8,1
LF:8
LH:8
BRF:0
BRH:0
end_of_record
TN:
SF:src/api/routes/measureRoutes.ts
FNF:0
FNH:0
DA:1,1
DA:2,1
DA:3,1
DA:4,1
DA:5,1
DA:6,1
DA:7,1
DA:8,1
LF:8
LH:8
BRF:0
BRH:0
end_of_record
TN:
SF:src/api/services/CustomerService.ts
FN:7,getCustomerMeasures
FNF:1
FNH:0
FNDA:0,getCustomerMeasures
DA:1,1
DA:2,1
DA:3,1
DA:4,1
DA:5,1
DA:6,1
DA:7,1
DA:8,0
DA:9,0
DA:10,0
DA:11,0
DA:12,0
DA:13,0
DA:14,0
DA:15,0
DA:16,0
DA:17,0
DA:18,0
DA:19,0
DA:20,0
DA:21,0
DA:22,0
DA:23,0
DA:24,0
DA:25,0
DA:26,0
DA:27,0
DA:28,0
DA:29,0
DA:30,0
DA:31,1
DA:32,1
DA:33,1
LF:33
LH:10
BRF:0
BRH:0
end_of_record
TN:
SF:src/api/services/MeasureService.ts
FN:21,uploadMeasure
FN:62,confirmMeasure
FNF:2
FNH:2
FNDA:7,uploadMeasure
FNDA:3,confirmMeasure
DA:1,1
DA:2,1
DA:3,1
DA:4,1
DA:5,1
DA:6,1
DA:7,1
DA:8,1
DA:9,1
DA:10,1
DA:11,1
DA:12,1
DA:13,1
DA:14,1
DA:15,1
DA:16,1
DA:17,1
DA:18,1
DA:19,1
DA:20,1
DA:21,1
DA:22,7
DA:23,7
DA:24,7
DA:25,7
DA:26,7
DA:27,7
DA:28,7
DA:29,7
DA:30,7
DA:31,7
DA:32,4
DA:33,4
DA:34,3
DA:35,3
DA:36,3
DA:37,3
DA:38,2
DA:39,7
DA:40,1
DA:41,1
DA:42,1
DA:43,1
DA:44,1
DA:45,1
DA:46,1
DA:47,1
DA:48,1
DA:49,1
DA:50,1
DA:51,1
DA:52,1
DA:53,1
DA:54,1
DA:55,1
DA:56,1
DA:57,1
DA:58,1
DA:59,1
DA:60,1
DA:61,1
DA:62,1
DA:63,3
DA:64,3
DA:65,3
DA:66,3
DA:67,3
DA:68,1
DA:69,1
DA:70,1
DA:71,1
DA:72,1
DA:73,1
DA:74,1
DA:75,1
DA:76,1
LF:76
LH:76
BRDA:21,0,0,7
BRDA:32,1,0,4
BRDA:34,2,0,3
BRDA:38,3,0,2
BRDA:39,4,0,1
BRDA:62,5,0,3
BRDA:68,6,0,1
BRF:7
BRH:7
end_of_record
TN:
SF:src/config/env.ts
FNF:0
FNH:0
DA:1,1
DA:2,1
DA:3,1
DA:4,1
DA:5,1
DA:6,1
DA:7,1
DA:8,1
DA:9,1
DA:10,1
DA:11,1
LF:11
LH:11
BRF:0
BRH:0
end_of_record
TN:
SF:src/middlewares/cors.ts
FNF:0
FNH:0
DA:1,1
DA:2,1
DA:3,1
DA:4,1
DA:5,1
DA:6,1
DA:7,1
DA:8,1
LF:8
LH:8
BRF:0
BRH:0
end_of_record
TN:
SF:src/middlewares/errorMiddleware.ts
FN:6,logError
FN:11,errorMiddleware
FNF:2
FNH:2
FNDA:8,logError
FNDA:8,errorMiddleware
DA:1,1
DA:2,1
DA:3,1
DA:4,1
DA:5,1
DA:6,8
DA:7,8
DA:8,8
DA:9,8
DA:10,1
DA:11,8
DA:12,8
DA:13,8
DA:14,8
DA:15,0
DA:16,0
DA:17,8
DA:18,8
DA:19,8
DA:20,8
DA:21,8
DA:22,8
DA:23,1
DA:24,1
LF:24
LH:22
BRDA:6,0,0,8
BRDA:11,1,0,8
BRDA:14,2,0,0
BRF:3
BRH:2
end_of_record
TN:
SF:src/utils/validators/customerValidators.ts
FN:4,customerExistsOrError
FN:13,customerExistsOrCreate
FNF:2
FNH:1
FNDA:0,customerExistsOrError
FNDA:4,customerExistsOrCreate
DA:1,1
DA:2,1
DA:3,1
DA:4,1
DA:5,0
DA:6,0
DA:7,0
DA:8,0
DA:9,0
DA:10,0
DA:11,0
DA:12,1
DA:13,1
DA:14,4
DA:15,4
DA:16,4
DA:17,4
DA:18,4
DA:19,4
DA:20,4
DA:21,1
DA:22,1
LF:22
LH:15
BRDA:13,0,0,4
BRF:1
BRH:1
end_of_record
TN:
SF:src/utils/validators/genericValidators.ts
FN:3,validStringOrError
FN:9,validNumberOrError
FN:15,validDateTimeOrError
FNF:3
FNH:3
FNDA:24,validStringOrError
FNDA:3,validNumberOrError
FNDA:5,validDateTimeOrError
DA:1,1
DA:2,1
DA:3,24
DA:4,24
DA:5,24
DA:6,24
DA:7,24
DA:8,1
DA:9,3
DA:10,3
DA:11,0
DA:12,0
DA:13,3
DA:14,1
DA:15,5
DA:16,5
DA:17,5
DA:18,0
DA:19,0
DA:20,5
DA:21,1
DA:22,1
LF:22
LH:18
BRDA:3,0,0,24
BRDA:4,1,0,3
BRDA:5,2,0,21
BRDA:5,3,0,0
BRDA:5,4,0,0
BRDA:6,5,0,21
BRDA:6,6,0,0
BRDA:9,7,0,3
BRDA:10,8,0,0
BRDA:15,9,0,5
BRDA:17,10,0,0
BRF:11
BRH:6
end_of_record
TN:
SF:src/utils/validators/measureValidators.ts
FN:15,validMeasureTypeOrError
FN:21,extractBase64Data
FN:25,validBase64OrError
FN:32,validBase64ImageOrError
FN:45,existsReaderAndError
FN:71,measureReadedOrNotExistsAndError
FNF:6
FNH:2
FNDA:5,validMeasureTypeOrError
FNDA:0,extractBase64Data
FNDA:0,validBase64OrError
FNDA:0,validBase64ImageOrError
FNDA:0,existsReaderAndError
FNDA:3,measureReadedOrNotExistsAndError
DA:1,1
DA:2,1
DA:3,1
DA:4,1
DA:5,1
DA:6,1
DA:7,1
DA:8,1
DA:9,1
DA:10,1
DA:11,1
DA:12,1
DA:13,1
DA:14,1
DA:15,5
DA:16,5
DA:17,1
DA:18,1
DA:19,5
DA:20,1
DA:21,0
DA:22,0
DA:23,0
DA:24,1
DA:25,0
DA:26,0
DA:27,0
DA:28,0
DA:29,0
DA:30,0
DA:31,1
DA:32,0
DA:33,0
DA:34,0
DA:35,0
DA:36,0
DA:37,0
DA:38,0
DA:39,0
DA:40,0
DA:41,0
DA:42,0
DA:43,0
DA:44,1
DA:45,0
DA:46,0
DA:47,0
DA:48,0
DA:49,0
DA:50,0
DA:51,0
DA:52,0
DA:53,0
DA:54,0
DA:55,0
DA:56,0
DA:57,0
DA:58,0
DA:59,0
DA:60,0
DA:61,0
DA:62,0
DA:63,0
DA:64,0
DA:65,0
DA:66,0
DA:67,0
DA:68,0
DA:69,0
DA:70,1
DA:71,3
DA:72,3
DA:73,3
DA:74,1
DA:75,3
DA:76,1
DA:77,1
DA:78,3
DA:79,1
DA:80,1
DA:81,1
DA:82,1
DA:83,1
DA:84,1
DA:85,1
LF:85
LH:39
BRDA:15,0,0,5
BRDA:16,1,0,1
BRDA:71,2,0,3
BRDA:73,3,0,1
BRDA:75,4,0,2
BRDA:75,5,0,1
BRF:6
BRH:6
end_of_record
